Using pre-set license
Built from '2020.3/staging' branch; Version is '2020.3.4f1 (0abb6314276a) revision 703331'; Using compiler version '192528614'; Build Type 'Release'
OS: 'Windows 10 Home; OS build 19041.928; Version 2004; 64bit' Language: 'zh' Physical Memory: 32716 MB
BatchMode: 1, IsHumanControllingUs: 0, StartBugReporterOnCrash: 0, Is64bit: 1, IsPro: 0

 COMMAND LINE ARGUMENTS:
C:\Program Files\Unity\Hub\Editor\2020.3.4f1\Editor\Unity.exe
-adb2
-batchMode
-noUpm
-name
AssetImportWorker0
-projectPath
E:/Learning/CIS568/Test/WizardFight
-logFile
Logs/AssetImportWorker0.log
-srvPort
6576
Successfully changed project path to: E:/Learning/CIS568/Test/WizardFight
E:/Learning/CIS568/Test/WizardFight
Using Asset Import Pipeline V2.
Refreshing native plugins compatible for Editor in 107.40 ms, found 0 plugins.
Preloading 0 native plugins for Editor in 0.00 ms.
Initialize engine version: 2020.3.4f1 (0abb6314276a)
[Subsystems] Discovering subsystems at path C:/Program Files/Unity/Hub/Editor/2020.3.4f1/Editor/Data/Resources/UnitySubsystems
[Subsystems] Discovering subsystems at path E:/Learning/CIS568/Test/WizardFight/Assets
GfxDevice: creating device client; threaded=0
Direct3D:
    Version:  Direct3D 11.0 [level 11.1]
    Renderer: NVIDIA GeForce RTX 2070 SUPER (ID=0x1e84)
    Vendor:   
    VRAM:     8011 MB
    Driver:   27.21.14.5751
Initialize mono
Mono path[0] = 'C:/Program Files/Unity/Hub/Editor/2020.3.4f1/Editor/Data/Managed'
Mono path[1] = 'C:/Program Files/Unity/Hub/Editor/2020.3.4f1/Editor/Data/MonoBleedingEdge/lib/mono/unityjit'
Mono config path = 'C:/Program Files/Unity/Hub/Editor/2020.3.4f1/Editor/Data/MonoBleedingEdge/etc'
Using monoOptions --debugger-agent=transport=dt_socket,embedding=1,server=y,suspend=n,address=127.0.0.1:56904
Begin MonoManager ReloadAssembly
Registering precompiled unity dll's ...
Register platform support module: C:/Program Files/Unity/Hub/Editor/2020.3.4f1/Editor/Data/PlaybackEngines/WindowsStandaloneSupport/UnityEditor.WindowsStandalone.Extensions.dll
Registered in 0.004943 seconds.
Native extension for WindowsStandalone target not found
Refreshing native plugins compatible for Editor in 96.37 ms, found 0 plugins.
Preloading 0 native plugins for Editor in 0.00 ms.
Mono: successfully reloaded assembly
- Completed reload, in  1.507 seconds
Platform modules already initialized, skipping
Registering precompiled user dll's ...
Registered in 0.003263 seconds.
Begin MonoManager ReloadAssembly
Native extension for WindowsStandalone target not found
Refreshing native plugins compatible for Editor in 104.20 ms, found 0 plugins.
Preloading 0 native plugins for Editor in 0.00 ms.
Mono: successfully reloaded assembly
- Completed reload, in  1.480 seconds
Platform modules already initialized, skipping
========================================================================
Worker process is ready to serve import requests
Launched and connected shader compiler UnityShaderCompiler.exe after 0.09 seconds
Refreshing native plugins compatible for Editor in 1.02 ms, found 0 plugins.
Preloading 0 native plugins for Editor in 0.00 ms.
Unloading 4396 Unused Serialized files (Serialized files now loaded: 0)
System memory in use before: 218.2 MB.
System memory in use after: 218.5 MB.

Unloading 16 unused Assets to reduce memory usage. Loaded Objects now: 4884.
Total: 3.656200 ms (FindLiveObjects: 0.606800 ms CreateObjectMapping: 0.110700 ms MarkObjects: 2.859400 ms  DeleteObjects: 0.077700 ms)

========================================================================
Received Import Request.
  path: Assets/Preset/FireBall.prefab
  artifactKey: Guid(647be649abc1f86418f74f3877b9ceab) Importer(815301076,1909f56bfc062723c751e8b465ee728b)
Start importing Assets/Preset/FireBall.prefab using Guid(647be649abc1f86418f74f3877b9ceab) Importer(815301076,1909f56bfc062723c751e8b465ee728b) Launched and connected shader compiler UnityShaderCompiler.exe after 0.08 seconds
Launched and connected shader compiler UnityShaderCompiler.exe after 0.08 seconds
Launched and connected shader compiler UnityShaderCompiler.exe after 0.08 seconds
Launched and connected shader compiler UnityShaderCompiler.exe after 0.08 seconds
Launched and connected shader compiler UnityShaderCompiler.exe after 0.07 seconds
Launched and connected shader compiler UnityShaderCompiler.exe after 0.08 seconds
Launched and connected shader compiler UnityShaderCompiler.exe after 0.08 seconds
Launched and connected shader compiler UnityShaderCompiler.exe after 0.08 seconds
Launched and connected shader compiler UnityShaderCompiler.exe after 0.08 seconds
Launched and connected shader compiler UnityShaderCompiler.exe after 0.07 seconds
Launched and connected shader compiler UnityShaderCompiler.exe after 0.09 seconds
Launched and connected shader compiler UnityShaderCompiler.exe after 0.10 seconds
Launched and connected shader compiler UnityShaderCompiler.exe after 0.09 seconds
Launched and connected shader compiler UnityShaderCompiler.exe after 0.09 seconds
Launched and connected shader compiler UnityShaderCompiler.exe after 0.09 seconds
 -> (artifact id: '3eb56cb9db8ebf3b96ac6e53763b7c25') in 7.278148 seconds
  Import took 7.288288 seconds .

========================================================================
Received Import Request.
  Time since last request: 0.000301 seconds.
  path: ProjectSettings/TagManager.asset
  artifactKey: Guid(00000000000000003000000000000000) Importer(815301076,1909f56bfc062723c751e8b465ee728b)
Start importing ProjectSettings/TagManager.asset using Guid(00000000000000003000000000000000) Importer(815301076,1909f56bfc062723c751e8b465ee728b)  -> (artifact id: '9697d54854a3306c410dabddb508bd45') in 0.009631 seconds
  Import took 0.018182 seconds .

========================================================================
Received Import Request.
  Time since last request: 1.107517 seconds.
  path: Assets/Preset/FireBall.prefab
  artifactKey: Guid(647be649abc1f86418f74f3877b9ceab) Importer(815301076,1909f56bfc062723c751e8b465ee728b)
Start importing Assets/Preset/FireBall.prefab using Guid(647be649abc1f86418f74f3877b9ceab) Importer(815301076,1909f56bfc062723c751e8b465ee728b)  -> (artifact id: '0169f195293a2771c905fba83b78891c') in 0.043300 seconds
  Import took 0.051531 seconds .

========================================================================
Received Prepare
Registering precompiled user dll's ...
Registered in 0.003100 seconds.
Begin MonoManager ReloadAssembly
Native extension for WindowsStandalone target not found
Refreshing native plugins compatible for Editor in 1.40 ms, found 0 plugins.
Preloading 0 native plugins for Editor in 0.00 ms.
Mono: successfully reloaded assembly
- Completed reload, in  1.391 seconds
Platform modules already initialized, skipping
Refreshing native plugins compatible for Editor in 1.30 ms, found 0 plugins.
Preloading 0 native plugins for Editor in 0.00 ms.
Unloading 4085 Unused Serialized files (Serialized files now loaded: 0)
System memory in use before: 210.8 MB.
System memory in use after: 211.1 MB.

Unloading 12 unused Assets to reduce memory usage. Loaded Objects now: 5102.
Total: 3.082100 ms (FindLiveObjects: 0.621400 ms CreateObjectMapping: 0.119600 ms MarkObjects: 2.321300 ms  DeleteObjects: 0.019000 ms)

========================================================================
Received Prepare
Registering precompiled user dll's ...
Registered in 0.003225 seconds.
Begin MonoManager ReloadAssembly
Native extension for WindowsStandalone target not found
Refreshing native plugins compatible for Editor in 0.97 ms, found 0 plugins.
Preloading 0 native plugins for Editor in 0.00 ms.
Mono: successfully reloaded assembly
- Completed reload, in  1.335 seconds
Platform modules already initialized, skipping
Refreshing native plugins compatible for Editor in 1.03 ms, found 0 plugins.
Preloading 0 native plugins for Editor in 0.00 ms.
Unloading 4073 Unused Serialized files (Serialized files now loaded: 0)
System memory in use before: 210.2 MB.
System memory in use after: 210.5 MB.

Unloading 11 unused Assets to reduce memory usage. Loaded Objects now: 5106.
Total: 3.321000 ms (FindLiveObjects: 0.573000 ms CreateObjectMapping: 0.113000 ms MarkObjects: 2.613800 ms  DeleteObjects: 0.019500 ms)

========================================================================
Received Prepare
Registering precompiled user dll's ...
Registered in 0.004075 seconds.
Begin MonoManager ReloadAssembly
Native extension for WindowsStandalone target not found
Refreshing native plugins compatible for Editor in 1.10 ms, found 0 plugins.
Preloading 0 native plugins for Editor in 0.00 ms.
Mono: successfully reloaded assembly
- Completed reload, in  1.427 seconds
Platform modules already initialized, skipping
Refreshing native plugins compatible for Editor in 1.47 ms, found 0 plugins.
Preloading 0 native plugins for Editor in 0.00 ms.
Unloading 4073 Unused Serialized files (Serialized files now loaded: 0)
System memory in use before: 210.3 MB.
System memory in use after: 210.5 MB.

Unloading 11 unused Assets to reduce memory usage. Loaded Objects now: 5110.
Total: 7.291800 ms (FindLiveObjects: 0.844100 ms CreateObjectMapping: 0.146000 ms MarkObjects: 6.264600 ms  DeleteObjects: 0.035300 ms)

========================================================================
Received Prepare
Registering precompiled user dll's ...
Registered in 0.003304 seconds.
Begin MonoManager ReloadAssembly
Native extension for WindowsStandalone target not found
Refreshing native plugins compatible for Editor in 1.07 ms, found 0 plugins.
Preloading 0 native plugins for Editor in 0.00 ms.
Mono: successfully reloaded assembly
- Completed reload, in  1.495 seconds
Platform modules already initialized, skipping
Refreshing native plugins compatible for Editor in 1.31 ms, found 0 plugins.
Preloading 0 native plugins for Editor in 0.00 ms.
Unloading 4073 Unused Serialized files (Serialized files now loaded: 0)
System memory in use before: 210.3 MB.
System memory in use after: 210.6 MB.

Unloading 11 unused Assets to reduce memory usage. Loaded Objects now: 5114.
Total: 6.465800 ms (FindLiveObjects: 1.096100 ms CreateObjectMapping: 0.119800 ms MarkObjects: 5.221900 ms  DeleteObjects: 0.026100 ms)

========================================================================
Received Prepare
Registering precompiled user dll's ...
Registered in 0.003609 seconds.
Begin MonoManager ReloadAssembly
Native extension for WindowsStandalone target not found
Refreshing native plugins compatible for Editor in 0.92 ms, found 0 plugins.
Preloading 0 native plugins for Editor in 0.00 ms.
Mono: successfully reloaded assembly
- Completed reload, in  1.260 seconds
Platform modules already initialized, skipping
Refreshing native plugins compatible for Editor in 1.04 ms, found 0 plugins.
Preloading 0 native plugins for Editor in 0.00 ms.
Unloading 4073 Unused Serialized files (Serialized files now loaded: 0)
System memory in use before: 210.3 MB.
System memory in use after: 210.6 MB.

Unloading 11 unused Assets to reduce memory usage. Loaded Objects now: 5118.
Total: 3.818700 ms (FindLiveObjects: 0.843700 ms CreateObjectMapping: 0.430400 ms MarkObjects: 2.522500 ms  DeleteObjects: 0.020800 ms)

========================================================================
Received Import Request.
  Time since last request: 289.992329 seconds.
  path: Assets/Preset/FireBall.prefab
  artifactKey: Guid(647be649abc1f86418f74f3877b9ceab) Importer(815301076,1909f56bfc062723c751e8b465ee728b)
Start importing Assets/Preset/FireBall.prefab using Guid(647be649abc1f86418f74f3877b9ceab) Importer(815301076,1909f56bfc062723c751e8b465ee728b)  -> (artifact id: '61f9d0ac59d9d656b7cf97a1466bc5b0') in 1.663687 seconds
  Import took 1.671954 seconds .

========================================================================
Received Import Request.
  Time since last request: 0.025039 seconds.
  path: Assets/Preset/FireBall.prefab
  artifactKey: Guid(647be649abc1f86418f74f3877b9ceab) Importer(815301076,1909f56bfc062723c751e8b465ee728b)
Start importing Assets/Preset/FireBall.prefab using Guid(647be649abc1f86418f74f3877b9ceab) Importer(815301076,1909f56bfc062723c751e8b465ee728b)  -> (artifact id: '61f9d0ac59d9d656b7cf97a1466bc5b0') in 0.073649 seconds
  Import took 0.082768 seconds .

========================================================================
Received Prepare
Registering precompiled user dll's ...
Registered in 0.003214 seconds.
Begin MonoManager ReloadAssembly
Native extension for WindowsStandalone target not found
Refreshing native plugins compatible for Editor in 1.39 ms, found 0 plugins.
Preloading 0 native plugins for Editor in 0.00 ms.
Mono: successfully reloaded assembly
- Completed reload, in  1.421 seconds
Platform modules already initialized, skipping
Refreshing native plugins compatible for Editor in 1.25 ms, found 0 plugins.
Preloading 0 native plugins for Editor in 0.00 ms.
Unloading 4073 Unused Serialized files (Serialized files now loaded: 0)
System memory in use before: 210.9 MB.
System memory in use after: 211.2 MB.

Unloading 11 unused Assets to reduce memory usage. Loaded Objects now: 5304.
Total: 4.674700 ms (FindLiveObjects: 0.757900 ms CreateObjectMapping: 0.146400 ms MarkObjects: 3.744500 ms  DeleteObjects: 0.024300 ms)

========================================================================
Received Prepare
Registering precompiled user dll's ...
Registered in 0.004150 seconds.
Begin MonoManager ReloadAssembly
Native extension for WindowsStandalone target not found
Refreshing native plugins compatible for Editor in 1.10 ms, found 0 plugins.
Preloading 0 native plugins for Editor in 0.00 ms.
Mono: successfully reloaded assembly
- Completed reload, in  1.330 seconds
Platform modules already initialized, skipping
Refreshing native plugins compatible for Editor in 0.99 ms, found 0 plugins.
Preloading 0 native plugins for Editor in 0.00 ms.
Unloading 4073 Unused Serialized files (Serialized files now loaded: 0)
System memory in use before: 210.7 MB.
System memory in use after: 211.0 MB.

Unloading 11 unused Assets to reduce memory usage. Loaded Objects now: 5308.
Total: 5.829700 ms (FindLiveObjects: 0.890800 ms CreateObjectMapping: 0.118900 ms MarkObjects: 4.776900 ms  DeleteObjects: 0.040500 ms)

========================================================================
Received Import Request.
  Time since last request: 84.548250 seconds.
  path: Assets/Preset/Wizard.prefab
  artifactKey: Guid(0b1b92a2e3d80544eb96441b2d988bb8) Importer(815301076,1909f56bfc062723c751e8b465ee728b)
Start importing Assets/Preset/Wizard.prefab using Guid(0b1b92a2e3d80544eb96441b2d988bb8) Importer(815301076,1909f56bfc062723c751e8b465ee728b)  -> (artifact id: '48194aa23a16c61ec786307762d441f4') in 0.548346 seconds
  Import took 0.557026 seconds .

========================================================================
Received Prepare
Registering precompiled user dll's ...
Registered in 0.003675 seconds.
Begin MonoManager ReloadAssembly
Native extension for WindowsStandalone target not found
Refreshing native plugins compatible for Editor in 1.44 ms, found 0 plugins.
Preloading 0 native plugins for Editor in 0.00 ms.
Mono: successfully reloaded assembly
- Completed reload, in  1.373 seconds
Platform modules already initialized, skipping
Refreshing native plugins compatible for Editor in 1.09 ms, found 0 plugins.
Preloading 0 native plugins for Editor in 0.00 ms.
Unloading 4073 Unused Serialized files (Serialized files now loaded: 0)
System memory in use before: 211.3 MB.
System memory in use after: 211.7 MB.

Unloading 11 unused Assets to reduce memory usage. Loaded Objects now: 5494.
Total: 4.416100 ms (FindLiveObjects: 0.669500 ms CreateObjectMapping: 0.198800 ms MarkObjects: 3.522800 ms  DeleteObjects: 0.023300 ms)

========================================================================
Received Import Request.
  Time since last request: 14.317828 seconds.
  path: Assets/Preset/Wizard.prefab
  artifactKey: Guid(0b1b92a2e3d80544eb96441b2d988bb8) Importer(815301076,1909f56bfc062723c751e8b465ee728b)
Start importing Assets/Preset/Wizard.prefab using Guid(0b1b92a2e3d80544eb96441b2d988bb8) Importer(815301076,1909f56bfc062723c751e8b465ee728b)  -> (artifact id: 'aa0fe588b24c735dbf8841bc2db45884') in 1.711056 seconds
  Import took 1.720480 seconds .

========================================================================
Received Import Request.
  Time since last request: 14.963577 seconds.
  path: Assets/Preset/FireBall.prefab
  artifactKey: Guid(647be649abc1f86418f74f3877b9ceab) Importer(815301076,1909f56bfc062723c751e8b465ee728b)
Start importing Assets/Preset/FireBall.prefab using Guid(647be649abc1f86418f74f3877b9ceab) Importer(815301076,1909f56bfc062723c751e8b465ee728b)  -> (artifact id: 'feb0860eab206a0a56f709577d4ec807') in 0.035309 seconds
  Import took 0.043918 seconds .

========================================================================
Received Import Request.
  Time since last request: 10.561166 seconds.
  path: Assets/Preset/FireBall.prefab
  artifactKey: Guid(647be649abc1f86418f74f3877b9ceab) Importer(815301076,1909f56bfc062723c751e8b465ee728b)
Start importing Assets/Preset/FireBall.prefab using Guid(647be649abc1f86418f74f3877b9ceab) Importer(815301076,1909f56bfc062723c751e8b465ee728b)  -> (artifact id: 'f73a608e9ae9254fa0f69537e2e3ddd3') in 0.033701 seconds
  Import took 0.041956 seconds .

========================================================================
Received Import Request.
  Time since last request: 28.908931 seconds.
  path: Assets/Scripts/BulletControl.cs
  artifactKey: Guid(355cd94ad8108b24682d80efc664cf4e) Importer(815301076,1909f56bfc062723c751e8b465ee728b)
Start importing Assets/Scripts/BulletControl.cs using Guid(355cd94ad8108b24682d80efc664cf4e) Importer(815301076,1909f56bfc062723c751e8b465ee728b)  -> (artifact id: '8bc1ff9a078136ca636ade7dc0899444') in 0.012450 seconds
  Import took 0.019704 seconds .

========================================================================
Received Import Request.
  Time since last request: 0.007126 seconds.
  path: Assets/Scripts/BulletControl.cs
  artifactKey: Guid(355cd94ad8108b24682d80efc664cf4e) Importer(815301076,1909f56bfc062723c751e8b465ee728b)
Start importing Assets/Scripts/BulletControl.cs using Guid(355cd94ad8108b24682d80efc664cf4e) Importer(815301076,1909f56bfc062723c751e8b465ee728b)  -> (artifact id: '8bc1ff9a078136ca636ade7dc0899444') in 0.002027 seconds
  Import took 0.009294 seconds .

========================================================================
Received Prepare
Registering precompiled user dll's ...
Registered in 0.004229 seconds.
Begin MonoManager ReloadAssembly
Native extension for WindowsStandalone target not found
Refreshing native plugins compatible for Editor in 1.52 ms, found 0 plugins.
Preloading 0 native plugins for Editor in 0.00 ms.
Mono: successfully reloaded assembly
- Completed reload, in  1.460 seconds
Platform modules already initialized, skipping
Refreshing native plugins compatible for Editor in 1.04 ms, found 0 plugins.
Preloading 0 native plugins for Editor in 0.00 ms.
Unloading 4073 Unused Serialized files (Serialized files now loaded: 0)
System memory in use before: 211.7 MB.
System memory in use after: 212.2 MB.

Unloading 11 unused Assets to reduce memory usage. Loaded Objects now: 5680.
Total: 7.392900 ms (FindLiveObjects: 1.292600 ms CreateObjectMapping: 0.457400 ms MarkObjects: 5.604500 ms  DeleteObjects: 0.035600 ms)

========================================================================
Received Import Request.
  Time since last request: 67.242648 seconds.
  path: Assets/Preset/Wizard.prefab
  artifactKey: Guid(0b1b92a2e3d80544eb96441b2d988bb8) Importer(815301076,1909f56bfc062723c751e8b465ee728b)
Start importing Assets/Preset/Wizard.prefab using Guid(0b1b92a2e3d80544eb96441b2d988bb8) Importer(815301076,1909f56bfc062723c751e8b465ee728b)  -> (artifact id: 'a4f5e10e971c3d53ba7c7dc8c030e670') in 0.534497 seconds
  Import took 0.542826 seconds .

========================================================================
Received Prepare
Registering precompiled user dll's ...
Registered in 0.003554 seconds.
Begin MonoManager ReloadAssembly
Native extension for WindowsStandalone target not found
Refreshing native plugins compatible for Editor in 0.97 ms, found 0 plugins.
Preloading 0 native plugins for Editor in 0.00 ms.
Mono: successfully reloaded assembly
- Completed reload, in  1.391 seconds
Platform modules already initialized, skipping
Refreshing native plugins compatible for Editor in 1.01 ms, found 0 plugins.
Preloading 0 native plugins for Editor in 0.00 ms.
Unloading 4073 Unused Serialized files (Serialized files now loaded: 0)
System memory in use before: 212.1 MB.
System memory in use after: 212.6 MB.

Unloading 11 unused Assets to reduce memory usage. Loaded Objects now: 5866.
Total: 6.134800 ms (FindLiveObjects: 0.858100 ms CreateObjectMapping: 0.141300 ms MarkObjects: 5.101400 ms  DeleteObjects: 0.032400 ms)

========================================================================
Received Prepare
Registering precompiled user dll's ...
Registered in 0.003724 seconds.
Begin MonoManager ReloadAssembly
Native extension for WindowsStandalone target not found
Refreshing native plugins compatible for Editor in 1.00 ms, found 0 plugins.
Preloading 0 native plugins for Editor in 0.00 ms.
Mono: successfully reloaded assembly
- Completed reload, in  1.353 seconds
Platform modules already initialized, skipping
Refreshing native plugins compatible for Editor in 0.99 ms, found 0 plugins.
Preloading 0 native plugins for Editor in 0.00 ms.
Unloading 4073 Unused Serialized files (Serialized files now loaded: 0)
System memory in use before: 212.1 MB.
System memory in use after: 212.6 MB.

Unloading 11 unused Assets to reduce memory usage. Loaded Objects now: 5870.
Total: 5.730800 ms (FindLiveObjects: 1.043800 ms CreateObjectMapping: 0.148700 ms MarkObjects: 4.511300 ms  DeleteObjects: 0.025300 ms)

========================================================================
Received Prepare
Registering precompiled user dll's ...
Registered in 0.003887 seconds.
Begin MonoManager ReloadAssembly
Native extension for WindowsStandalone target not found
Refreshing native plugins compatible for Editor in 0.98 ms, found 0 plugins.
Preloading 0 native plugins for Editor in 0.00 ms.
Mono: successfully reloaded assembly
- Completed reload, in  1.337 seconds
Platform modules already initialized, skipping
Refreshing native plugins compatible for Editor in 0.98 ms, found 0 plugins.
Preloading 0 native plugins for Editor in 0.00 ms.
Unloading 4073 Unused Serialized files (Serialized files now loaded: 0)
System memory in use before: 212.2 MB.
System memory in use after: 212.6 MB.

Unloading 11 unused Assets to reduce memory usage. Loaded Objects now: 5874.
Total: 4.097200 ms (FindLiveObjects: 0.693400 ms CreateObjectMapping: 0.139600 ms MarkObjects: 3.242500 ms  DeleteObjects: 0.020300 ms)

========================================================================
Received Prepare
Registering precompiled user dll's ...
Registered in 0.003450 seconds.
Begin MonoManager ReloadAssembly
Native extension for WindowsStandalone target not found
Refreshing native plugins compatible for Editor in 0.98 ms, found 0 plugins.
Preloading 0 native plugins for Editor in 0.00 ms.
Mono: successfully reloaded assembly
- Completed reload, in  1.388 seconds
Platform modules already initialized, skipping
Refreshing native plugins compatible for Editor in 1.04 ms, found 0 plugins.
Preloading 0 native plugins for Editor in 0.00 ms.
Unloading 4073 Unused Serialized files (Serialized files now loaded: 0)
System memory in use before: 212.2 MB.
System memory in use after: 212.6 MB.

Unloading 11 unused Assets to reduce memory usage. Loaded Objects now: 5878.
Total: 4.817300 ms (FindLiveObjects: 0.819300 ms CreateObjectMapping: 0.199400 ms MarkObjects: 3.772500 ms  DeleteObjects: 0.025000 ms)

========================================================================
Received Import Request.
  Time since last request: 274.027203 seconds.
  path: Assets/Preset/FireBall.prefab
  artifactKey: Guid(647be649abc1f86418f74f3877b9ceab) Importer(815301076,1909f56bfc062723c751e8b465ee728b)
Start importing Assets/Preset/FireBall.prefab using Guid(647be649abc1f86418f74f3877b9ceab) Importer(815301076,1909f56bfc062723c751e8b465ee728b)  -> (artifact id: '3edbdeb28b3ae32c53ac5716f4c911b3') in 0.577005 seconds
  Import took 0.585443 seconds .

========================================================================
Received Import Request.
  Time since last request: 2.138015 seconds.
  path: Assets/Preset/FireBall.prefab
  artifactKey: Guid(647be649abc1f86418f74f3877b9ceab) Importer(815301076,1909f56bfc062723c751e8b465ee728b)
Start importing Assets/Preset/FireBall.prefab using Guid(647be649abc1f86418f74f3877b9ceab) Importer(815301076,1909f56bfc062723c751e8b465ee728b)  -> (artifact id: 'c8fb711986ed76dd429d43075940e324') in 0.036171 seconds
  Import took 0.044152 seconds .

========================================================================
Received Prepare
Registering precompiled user dll's ...
Registered in 0.003194 seconds.
Begin MonoManager ReloadAssembly
Native extension for WindowsStandalone target not found
Refreshing native plugins compatible for Editor in 0.97 ms, found 0 plugins.
Preloading 0 native plugins for Editor in 0.00 ms.
Mono: successfully reloaded assembly
- Completed reload, in  1.405 seconds
Platform modules already initialized, skipping
Refreshing native plugins compatible for Editor in 1.20 ms, found 0 plugins.
Preloading 0 native plugins for Editor in 0.00 ms.
Unloading 4073 Unused Serialized files (Serialized files now loaded: 0)
System memory in use before: 212.6 MB.
System memory in use after: 213.1 MB.

Unloading 11 unused Assets to reduce memory usage. Loaded Objects now: 6064.
Total: 6.228100 ms (FindLiveObjects: 0.831500 ms CreateObjectMapping: 0.229100 ms MarkObjects: 5.141100 ms  DeleteObjects: 0.024300 ms)

========================================================================
Received Prepare
Registering precompiled user dll's ...
Registered in 0.002982 seconds.
Begin MonoManager ReloadAssembly
Native extension for WindowsStandalone target not found
Refreshing native plugins compatible for Editor in 0.95 ms, found 0 plugins.
Preloading 0 native plugins for Editor in 0.00 ms.
Mono: successfully reloaded assembly
- Completed reload, in  1.260 seconds
Platform modules already initialized, skipping
Refreshing native plugins compatible for Editor in 1.33 ms, found 0 plugins.
Preloading 0 native plugins for Editor in 0.00 ms.
Unloading 4073 Unused Serialized files (Serialized files now loaded: 0)
System memory in use before: 212.6 MB.
System memory in use after: 213.1 MB.

Unloading 11 unused Assets to reduce memory usage. Loaded Objects now: 6068.
Total: 4.902800 ms (FindLiveObjects: 0.854900 ms CreateObjectMapping: 0.139700 ms MarkObjects: 3.879700 ms  DeleteObjects: 0.026700 ms)

AssetImportWorkerClient::OnTransportError - code=2 error=End of file
